<?xml version="1.0" encoding="UTF-8"?>
<!-- Generated by org.testng.reporters.JUnitXMLReporter -->
<testsuite hostname="DESKTOP-VCU6G2J" ignored="6" name="Regression" tests="1" failures="0" timestamp="2022-10-01T01:23:49 EDT" time="0.113" errors="0">
  <testcase name="@BeforeMethod SetUp" time="-1.664601829249E9" classname="com.firebase.test.base.BaseTest">
    <failure type="org.testng.TestNGException" message="
Can inject only one of &amp;lt;ITestContext, XmlTest, Method, Object[], ITestResult&amp;gt; into a @BeforeMethod annotated SetUp.
For more information on native dependency injection please refer to https://testng.org/doc/documentation-main.html#native-dependency-injection">
      <![CDATA[org.testng.TestNGException: 
Can inject only one of <ITestContext, XmlTest, Method, Object[], ITestResult> into a @BeforeMethod annotated SetUp.
For more information on native dependency injection please refer to https://testng.org/doc/documentation-main.html#native-dependency-injection
at java.util.ArrayList.forEach(Unknown Source)
... Removed 28 stack frames]]>
    </failure>
  </testcase> <!-- @BeforeMethod SetUp -->
  <testcase name="@AfterMethod tearDown" time="-1.664601829257E9" classname="com.firebase.test.base.BaseTest">
    <skipped/>
  </testcase> <!-- @AfterMethod tearDown -->
  <testcase name="InvalidCredentials" time="0.0" classname="com.firebase.test.tests.AutomationScripts">
    <skipped/>
  </testcase> <!-- InvalidCredentials -->
  <testcase name="ForgetPassword" time="0.0" classname="com.firebase.test.tests.AutomationScripts">
    <ignored/>
  </testcase> <!-- ForgetPassword -->
  <testcase name="ValidCredentials" time="0.0" classname="com.firebase.test.tests.AutomationScripts">
    <ignored/>
  </testcase> <!-- ValidCredentials -->
  <testcase name="RememberMeCheckBox" time="0.0" classname="com.firebase.test.tests.AutomationScripts">
    <ignored/>
  </testcase> <!-- RememberMeCheckBox -->
  <testcase name="TC05SelectUserMenu" time="0.0" classname="com.firebase.test.tests.AutomationScripts">
    <ignored/>
  </testcase> <!-- TC05SelectUserMenu -->
  <testcase name="TC08DeveloperConsole" time="0.0" classname="com.firebase.test.tests.AutomationScripts">
    <ignored/>
  </testcase> <!-- TC08DeveloperConsole -->
  <testcase name="WithoutPassword" time="0.0" classname="com.firebase.test.tests.AutomationScripts">
    <ignored/>
  </testcase> <!-- WithoutPassword -->
</testsuite> <!-- Regression -->
